<?xml version="1.0" encoding="UTF-8"?>
<testsuite xmlns:xsi="http://www.w3.org/2001/XMLSchema-instance" xsi:noNamespaceSchemaLocation="https://maven.apache.org/surefire/maven-surefire-plugin/xsd/surefire-test-report.xsd" name="VendingTest" time="0.079" tests="9" errors="0" skipped="0" failures="0">
  <properties>
[...]
</properties>
  <testcase name="invalidBankOverwrite" classname="VendingTest" time="0.045"/>
  <testcase name="initialiseInvalidFloat" classname="VendingTest" time="0.001"/>
  <testcase name="multipleCalls" classname="VendingTest" time="0.002"/>
  <testcase name="initialiseValidFloat" classname="VendingTest" time="0.001"/>
  <testcase name="optimalCoinsChange" classname="VendingTest" time="0.005"/>
  <testcase name="invalidCoinsChange" classname="VendingTest" time="0.001"/>
  <testcase name="validDeposit" classname="VendingTest" time="0.001"/>
  <testcase name="validBankOverwrite" classname="VendingTest" time="0.001"/>
  <testcase name="invalidDeposit" classname="VendingTest" time="0.001"/>
</testsuite>